  [1m[36m (6.7ms)[0m  [1mCREATE TABLE "schema_migrations" ("version" character varying NOT NULL) [0m
  [1m[35m (2.0ms)[0m  CREATE UNIQUE INDEX  "unique_schema_migrations" ON "schema_migrations"  ("version")
  [1m[36mActiveRecord::SchemaMigration Load (0.5ms)[0m  [1mSELECT "schema_migrations".* FROM "schema_migrations"[0m
Migrating to CreateCards (20170707203622)
  [1m[35m (0.2ms)[0m  BEGIN
  [1m[36m (8.1ms)[0m  [1mCREATE TABLE "cards" ("id" serial primary key, "front" character varying NOT NULL, "back" character varying NOT NULL, "created_at" timestamp NOT NULL, "updated_at" timestamp NOT NULL) [0m
  [1m[35mSQL (1.4ms)[0m  INSERT INTO "schema_migrations" ("version") VALUES ($1)  [["version", "20170707203622"]]
  [1m[36m (0.6ms)[0m  [1mCOMMIT[0m
  [1m[35mActiveRecord::SchemaMigration Load (0.4ms)[0m  SELECT "schema_migrations".* FROM "schema_migrations"
  [1m[36m (7.0ms)[0m  [1mSELECT t2.oid::regclass::text AS to_table, a1.attname AS column, a2.attname AS primary_key, c.conname AS name, c.confupdtype AS on_update, c.confdeltype AS on_delete
FROM pg_constraint c
JOIN pg_class t1 ON c.conrelid = t1.oid
JOIN pg_class t2 ON c.confrelid = t2.oid
JOIN pg_attribute a1 ON a1.attnum = c.conkey[1] AND a1.attrelid = t1.oid
JOIN pg_attribute a2 ON a2.attnum = c.confkey[1] AND a2.attrelid = t2.oid
JOIN pg_namespace t3 ON c.connamespace = t3.oid
WHERE c.contype = 'f'
  AND t1.relname = 'cards'
  AND t3.nspname = ANY (current_schemas(false))
ORDER BY c.conname
[0m


Started GET "/" for ::1 at 2017-07-07 15:18:08 -0700
  [1m[36mActiveRecord::SchemaMigration Load (0.5ms)[0m  [1mSELECT "schema_migrations".* FROM "schema_migrations"[0m


Started GET "/cards" for ::1 at 2017-07-07 15:18:08 -0700

ActionController::RoutingError (No route matches [GET] "/cards"):
  actionpack (4.2.8) lib/action_dispatch/middleware/debug_exceptions.rb:21:in `call'
  web-console (2.3.0) lib/web_console/middleware.rb:28:in `block in call'
  web-console (2.3.0) lib/web_console/middleware.rb:18:in `catch'
  web-console (2.3.0) lib/web_console/middleware.rb:18:in `call'
  actionpack (4.2.8) lib/action_dispatch/middleware/show_exceptions.rb:30:in `call'
  railties (4.2.8) lib/rails/rack/logger.rb:38:in `call_app'
  railties (4.2.8) lib/rails/rack/logger.rb:20:in `block in call'
  activesupport (4.2.8) lib/active_support/tagged_logging.rb:68:in `block in tagged'
  activesupport (4.2.8) lib/active_support/tagged_logging.rb:26:in `tagged'
  activesupport (4.2.8) lib/active_support/tagged_logging.rb:68:in `tagged'
  railties (4.2.8) lib/rails/rack/logger.rb:20:in `call'
  actionpack (4.2.8) lib/action_dispatch/middleware/request_id.rb:21:in `call'
  rack (1.6.8) lib/rack/methodoverride.rb:22:in `call'
  rack (1.6.8) lib/rack/runtime.rb:18:in `call'
  activesupport (4.2.8) lib/active_support/cache/strategy/local_cache_middleware.rb:28:in `call'
  rack (1.6.8) lib/rack/lock.rb:17:in `call'
  actionpack (4.2.8) lib/action_dispatch/middleware/static.rb:120:in `call'
  rack (1.6.8) lib/rack/sendfile.rb:113:in `call'
  railties (4.2.8) lib/rails/engine.rb:518:in `call'
  railties (4.2.8) lib/rails/application.rb:165:in `call'
  rack (1.6.8) lib/rack/lock.rb:17:in `call'
  rack (1.6.8) lib/rack/content_length.rb:15:in `call'
  rack (1.6.8) lib/rack/handler/webrick.rb:88:in `service'
  /Users/kevinmathews/.rbenv/versions/2.3.1/lib/ruby/2.3.0/webrick/httpserver.rb:140:in `service'
  /Users/kevinmathews/.rbenv/versions/2.3.1/lib/ruby/2.3.0/webrick/httpserver.rb:96:in `run'
  /Users/kevinmathews/.rbenv/versions/2.3.1/lib/ruby/2.3.0/webrick/server.rb:296:in `block in start_thread'


  Rendered /Users/kevinmathews/.rbenv/versions/2.3.1/lib/ruby/gems/2.3.0/gems/actionpack-4.2.8/lib/action_dispatch/middleware/templates/rescues/_trace.html.erb (1.8ms)
  Rendered /Users/kevinmathews/.rbenv/versions/2.3.1/lib/ruby/gems/2.3.0/gems/actionpack-4.2.8/lib/action_dispatch/middleware/templates/routes/_route.html.erb (0.8ms)
  Rendered /Users/kevinmathews/.rbenv/versions/2.3.1/lib/ruby/gems/2.3.0/gems/actionpack-4.2.8/lib/action_dispatch/middleware/templates/routes/_table.html.erb (7.6ms)
  Rendered /Users/kevinmathews/.rbenv/versions/2.3.1/lib/ruby/gems/2.3.0/gems/actionpack-4.2.8/lib/action_dispatch/middleware/templates/rescues/_request_and_response.html.erb (9.7ms)
  Rendered /Users/kevinmathews/.rbenv/versions/2.3.1/lib/ruby/gems/2.3.0/gems/actionpack-4.2.8/lib/action_dispatch/middleware/templates/rescues/routing_error.html.erb within rescues/layout (98.6ms)
  Rendered /Users/kevinmathews/.rbenv/versions/2.3.1/lib/ruby/gems/2.3.0/gems/web-console-2.3.0/lib/web_console/templates/_markup.html.erb (0.4ms)
  Rendered /Users/kevinmathews/.rbenv/versions/2.3.1/lib/ruby/gems/2.3.0/gems/web-console-2.3.0/lib/web_console/templates/_inner_console_markup.html.erb within layouts/inlined_string (0.4ms)
  Rendered /Users/kevinmathews/.rbenv/versions/2.3.1/lib/ruby/gems/2.3.0/gems/web-console-2.3.0/lib/web_console/templates/_prompt_box_markup.html.erb within layouts/inlined_string (0.4ms)
  Rendered /Users/kevinmathews/.rbenv/versions/2.3.1/lib/ruby/gems/2.3.0/gems/web-console-2.3.0/lib/web_console/templates/style.css.erb within layouts/inlined_string (0.4ms)
  Rendered /Users/kevinmathews/.rbenv/versions/2.3.1/lib/ruby/gems/2.3.0/gems/web-console-2.3.0/lib/web_console/templates/console.js.erb within layouts/javascript (65.7ms)
  Rendered /Users/kevinmathews/.rbenv/versions/2.3.1/lib/ruby/gems/2.3.0/gems/web-console-2.3.0/lib/web_console/templates/main.js.erb within layouts/javascript (0.5ms)
  Rendered /Users/kevinmathews/.rbenv/versions/2.3.1/lib/ruby/gems/2.3.0/gems/web-console-2.3.0/lib/web_console/templates/error_page.js.erb within layouts/javascript (0.5ms)
  Rendered /Users/kevinmathews/.rbenv/versions/2.3.1/lib/ruby/gems/2.3.0/gems/web-console-2.3.0/lib/web_console/templates/index.html.erb (141.8ms)


Started GET "/cards" for ::1 at 2017-07-07 15:18:28 -0700
  [1m[36mActiveRecord::SchemaMigration Load (0.4ms)[0m  [1mSELECT "schema_migrations".* FROM "schema_migrations"[0m

ActionController::RoutingError (No route matches [GET] "/cards"):
  actionpack (4.2.8) lib/action_dispatch/middleware/debug_exceptions.rb:21:in `call'
  web-console (2.3.0) lib/web_console/middleware.rb:28:in `block in call'
  web-console (2.3.0) lib/web_console/middleware.rb:18:in `catch'
  web-console (2.3.0) lib/web_console/middleware.rb:18:in `call'
  actionpack (4.2.8) lib/action_dispatch/middleware/show_exceptions.rb:30:in `call'
  railties (4.2.8) lib/rails/rack/logger.rb:38:in `call_app'
  railties (4.2.8) lib/rails/rack/logger.rb:20:in `block in call'
  activesupport (4.2.8) lib/active_support/tagged_logging.rb:68:in `block in tagged'
  activesupport (4.2.8) lib/active_support/tagged_logging.rb:26:in `tagged'
  activesupport (4.2.8) lib/active_support/tagged_logging.rb:68:in `tagged'
  railties (4.2.8) lib/rails/rack/logger.rb:20:in `call'
  actionpack (4.2.8) lib/action_dispatch/middleware/request_id.rb:21:in `call'
  rack (1.6.8) lib/rack/methodoverride.rb:22:in `call'
  rack (1.6.8) lib/rack/runtime.rb:18:in `call'
  activesupport (4.2.8) lib/active_support/cache/strategy/local_cache_middleware.rb:28:in `call'
  rack (1.6.8) lib/rack/lock.rb:17:in `call'
  actionpack (4.2.8) lib/action_dispatch/middleware/static.rb:120:in `call'
  rack (1.6.8) lib/rack/sendfile.rb:113:in `call'
  railties (4.2.8) lib/rails/engine.rb:518:in `call'
  railties (4.2.8) lib/rails/application.rb:165:in `call'
  rack (1.6.8) lib/rack/lock.rb:17:in `call'
  rack (1.6.8) lib/rack/content_length.rb:15:in `call'
  rack (1.6.8) lib/rack/handler/webrick.rb:88:in `service'
  /Users/kevinmathews/.rbenv/versions/2.3.1/lib/ruby/2.3.0/webrick/httpserver.rb:140:in `service'
  /Users/kevinmathews/.rbenv/versions/2.3.1/lib/ruby/2.3.0/webrick/httpserver.rb:96:in `run'
  /Users/kevinmathews/.rbenv/versions/2.3.1/lib/ruby/2.3.0/webrick/server.rb:296:in `block in start_thread'


  Rendered /Users/kevinmathews/.rbenv/versions/2.3.1/lib/ruby/gems/2.3.0/gems/actionpack-4.2.8/lib/action_dispatch/middleware/templates/rescues/_trace.html.erb (1.4ms)
  Rendered /Users/kevinmathews/.rbenv/versions/2.3.1/lib/ruby/gems/2.3.0/gems/actionpack-4.2.8/lib/action_dispatch/middleware/templates/routes/_route.html.erb (0.6ms)
  Rendered /Users/kevinmathews/.rbenv/versions/2.3.1/lib/ruby/gems/2.3.0/gems/actionpack-4.2.8/lib/action_dispatch/middleware/templates/routes/_table.html.erb (7.5ms)
  Rendered /Users/kevinmathews/.rbenv/versions/2.3.1/lib/ruby/gems/2.3.0/gems/actionpack-4.2.8/lib/action_dispatch/middleware/templates/rescues/_request_and_response.html.erb (8.0ms)
  Rendered /Users/kevinmathews/.rbenv/versions/2.3.1/lib/ruby/gems/2.3.0/gems/actionpack-4.2.8/lib/action_dispatch/middleware/templates/rescues/routing_error.html.erb within rescues/layout (89.9ms)
  Rendered /Users/kevinmathews/.rbenv/versions/2.3.1/lib/ruby/gems/2.3.0/gems/web-console-2.3.0/lib/web_console/templates/_markup.html.erb (0.3ms)
  Rendered /Users/kevinmathews/.rbenv/versions/2.3.1/lib/ruby/gems/2.3.0/gems/web-console-2.3.0/lib/web_console/templates/_inner_console_markup.html.erb within layouts/inlined_string (0.3ms)
  Rendered /Users/kevinmathews/.rbenv/versions/2.3.1/lib/ruby/gems/2.3.0/gems/web-console-2.3.0/lib/web_console/templates/_prompt_box_markup.html.erb within layouts/inlined_string (0.3ms)
  Rendered /Users/kevinmathews/.rbenv/versions/2.3.1/lib/ruby/gems/2.3.0/gems/web-console-2.3.0/lib/web_console/templates/style.css.erb within layouts/inlined_string (0.4ms)
  Rendered /Users/kevinmathews/.rbenv/versions/2.3.1/lib/ruby/gems/2.3.0/gems/web-console-2.3.0/lib/web_console/templates/console.js.erb within layouts/javascript (56.7ms)
  Rendered /Users/kevinmathews/.rbenv/versions/2.3.1/lib/ruby/gems/2.3.0/gems/web-console-2.3.0/lib/web_console/templates/main.js.erb within layouts/javascript (0.4ms)
  Rendered /Users/kevinmathews/.rbenv/versions/2.3.1/lib/ruby/gems/2.3.0/gems/web-console-2.3.0/lib/web_console/templates/error_page.js.erb within layouts/javascript (0.4ms)
  Rendered /Users/kevinmathews/.rbenv/versions/2.3.1/lib/ruby/gems/2.3.0/gems/web-console-2.3.0/lib/web_console/templates/index.html.erb (119.0ms)


Started GET "/" for ::1 at 2017-07-07 15:18:32 -0700


Started GET "/api/cards" for ::1 at 2017-07-07 15:18:32 -0700
Processing by Api::CardsController#index as HTML
  Rendered api/cards/index.html.erb within layouts/application (0.2ms)
Completed 200 OK in 755ms (Views: 753.4ms | ActiveRecord: 0.0ms)


Started GET "/assets/api/cards.self-e3b0c44298fc1c149afbf4c8996fb92427ae41e4649b934ca495991b7852b855.css?body=1" for ::1 at 2017-07-07 15:18:32 -0700


Started GET "/assets/jquery.self-bd7ddd393353a8d2480a622e80342adf488fb6006d667e8b42e4c0073393abee.js?body=1" for ::1 at 2017-07-07 15:18:32 -0700


Started GET "/assets/application.self-e80e8f2318043e8af94dddc2adad5a4f09739a8ebb323b3ab31cd71d45fd9113.css?body=1" for ::1 at 2017-07-07 15:18:32 -0700


Started GET "/assets/jquery_ujs.self-784a997f6726036b1993eb2217c9cb558e1cbb801c6da88105588c56f13b466a.js?body=1" for ::1 at 2017-07-07 15:18:32 -0700


Started GET "/assets/turbolinks.self-1d1fddf91adc38ac2045c51f0a3e05ca97d07d24d15a4dcbf705009106489e69.js?body=1" for ::1 at 2017-07-07 15:18:32 -0700


Started GET "/assets/api/cards.self-877aef30ae1b040ab8a3aba4e3e309a11d7f2612f44dde450b5c157aa5f95c05.js?body=1" for ::1 at 2017-07-07 15:18:32 -0700


Started GET "/assets/application.self-3b8dabdc891efe46b9a144b400ad69e37d7e5876bdc39dee783419a69d7ca819.js?body=1" for ::1 at 2017-07-07 15:18:32 -0700


Started GET "/api/cards" for ::1 at 2017-07-07 15:45:09 -0700
  [1m[36mActiveRecord::SchemaMigration Load (1.3ms)[0m  [1mSELECT "schema_migrations".* FROM "schema_migrations"[0m
Processing by Api::CardsController#index as HTML
  Rendered api/cards/index.html.erb within layouts/application (2.0ms)
Completed 200 OK in 258ms (Views: 246.4ms | ActiveRecord: 0.0ms)


Started GET "/api/cards" for ::1 at 2017-07-07 15:45:10 -0700
Processing by Api::CardsController#index as HTML
  Rendered api/cards/index.html.erb within layouts/application (0.0ms)
Completed 200 OK in 18ms (Views: 17.5ms | ActiveRecord: 0.0ms)
